============================= test session starts =============================
platform win32 -- Python 3.11.9, pytest-9.0.2, pluggy-1.6.0 -- C:\Users\joseu\AppData\Local\Programs\Python\Python311\python.exe
cachedir: .pytest_cache
rootdir: C:\Users\joseu\OneDrive\Desktop\Plimsoll_AI\backend
plugins: anyio-4.12.1, asyncio-1.3.0, cov-7.0.0
asyncio: mode=Mode.STRICT, debug=False, asyncio_default_fixture_loop_scope=None, asyncio_default_test_loop_scope=function
collecting ... collected 3 items

app/tests/test_oracle_logic.py::test_velocity_calculation PASSED         [ 33%]
app/tests/test_oracle_logic.py::test_anomaly_detection_slowdown PASSED   [ 66%]
app/tests/test_oracle_logic.py::test_etc_accuracy PASSED                 [100%]

============================== 3 passed in 0.03s ==============================
